[11-Dec-2017 13:11:56 UTC] PHP Warning:  include(../includes/initialize_top.php): failed to open stream: No such file or directory in C:\Maethor\Program Filez\Web Development\Atom\TitleManager\public\login.php on line 2
[11-Dec-2017 13:11:57 UTC] PHP Warning:  include(): Failed opening '../includes/initialize_top.php' for inclusion (include_path='.;C:\php\pear') in C:\Maethor\Program Filez\Web Development\Atom\TitleManager\public\login.php on line 2
[11-Dec-2017 13:11:57 UTC] PHP Notice:  Undefined variable: session in C:\Maethor\Program Filez\Web Development\Atom\TitleManager\public\login.php on line 4
[11-Dec-2017 13:11:57 UTC] PHP Fatal error:  Uncaught Error: Call to a member function is_logged_in() on null in C:\Maethor\Program Filez\Web Development\Atom\TitleManager\public\login.php:4
Stack trace:
#0 {main}
  thrown in C:\Maethor\Program Filez\Web Development\Atom\TitleManager\public\login.php on line 4
[12-Dec-2017 14:20:24 UTC] PHP Warning:  include(../includes/initialize_top.php): failed to open stream: No such file or directory in C:\Maethor\Program Filez\Web Development\Atom\TitleManager\public\login.php on line 2
[12-Dec-2017 14:20:24 UTC] PHP Warning:  include(): Failed opening '../includes/initialize_top.php' for inclusion (include_path='.;C:\php\pear') in C:\Maethor\Program Filez\Web Development\Atom\TitleManager\public\login.php on line 2
[12-Dec-2017 14:20:24 UTC] PHP Notice:  Undefined variable: session in C:\Maethor\Program Filez\Web Development\Atom\TitleManager\public\login.php on line 4
[12-Dec-2017 14:20:24 UTC] PHP Fatal error:  Uncaught Error: Call to a member function is_logged_in() on null in C:\Maethor\Program Filez\Web Development\Atom\TitleManager\public\login.php:4
Stack trace:
#0 {main}
  thrown in C:\Maethor\Program Filez\Web Development\Atom\TitleManager\public\login.php on line 4
[12-Dec-2017 15:21:38 Europe/Oslo] PHP Warning:  require_once(C:\Maethor\Program Filez\Web Development\Atom\TitleManagerTest\includes\oop_functions.php): failed to open stream: No such file or directory in C:\Maethor\Program Filez\Web Development\Atom\TitleManager\private\initialize_top.php on line 34
[12-Dec-2017 15:21:38 Europe/Oslo] PHP Fatal error:  require_once(): Failed opening required 'C:\Maethor\Program Filez\Web Development\Atom\TitleManagerTest\includes\oop_functions.php' (include_path='.;C:\php\pear') in C:\Maethor\Program Filez\Web Development\Atom\TitleManager\private\initialize_top.php on line 34
[12-Dec-2017 15:22:18 Europe/Oslo] PHP Warning:  require_once(C:\Maethor\Program Filez\Web Development\Atom\TitleManagerTest\includes\oop_functions.php): failed to open stream: No such file or directory in C:\Maethor\Program Filez\Web Development\Atom\TitleManager\private\initialize_top.php on line 34
[12-Dec-2017 15:22:18 Europe/Oslo] PHP Fatal error:  require_once(): Failed opening required 'C:\Maethor\Program Filez\Web Development\Atom\TitleManagerTest\includes\oop_functions.php' (include_path='.;C:\php\pear') in C:\Maethor\Program Filez\Web Development\Atom\TitleManager\private\initialize_top.php on line 34
[12-Dec-2017 15:23:42 Europe/Oslo] PHP Warning:  include(C:\Maethor\Program Filez\Web Development\Atom\TitleManager\private\layouts\standard_header.php): failed to open stream: No such file or directory in C:\Maethor\Program Filez\Web Development\Atom\TitleManager\private\initialize_top.php on line 57
[12-Dec-2017 15:23:42 Europe/Oslo] PHP Warning:  include(): Failed opening 'C:\Maethor\Program Filez\Web Development\Atom\TitleManager\private\layouts\standard_header.php' for inclusion (include_path='.;C:\php\pear') in C:\Maethor\Program Filez\Web Development\Atom\TitleManager\private\initialize_top.php on line 57
[12-Dec-2017 15:23:42 Europe/Oslo] PHP Warning:  include(C:\Maethor\Program Filez\Web Development\Atom\TitleManager\private\layouts\standard_sidebar_left.php): failed to open stream: No such file or directory in C:\Maethor\Program Filez\Web Development\Atom\TitleManager\private\initialize_top.php on line 58
[12-Dec-2017 15:23:42 Europe/Oslo] PHP Warning:  include(): Failed opening 'C:\Maethor\Program Filez\Web Development\Atom\TitleManager\private\layouts\standard_sidebar_left.php' for inclusion (include_path='.;C:\php\pear') in C:\Maethor\Program Filez\Web Development\Atom\TitleManager\private\initialize_top.php on line 58
[12-Dec-2017 15:23:42 Europe/Oslo] PHP Warning:  include(C:\Maethor\Program Filez\Web Development\Atom\TitleManager\private\layouts\standard_sidebar_right.php): failed to open stream: No such file or directory in C:\Maethor\Program Filez\Web Development\Atom\TitleManager\private\initialize_bottom.php on line 2
[12-Dec-2017 15:23:42 Europe/Oslo] PHP Warning:  include(): Failed opening 'C:\Maethor\Program Filez\Web Development\Atom\TitleManager\private\layouts\standard_sidebar_right.php' for inclusion (include_path='.;C:\php\pear') in C:\Maethor\Program Filez\Web Development\Atom\TitleManager\private\initialize_bottom.php on line 2
[12-Dec-2017 15:23:42 Europe/Oslo] PHP Warning:  include(C:\Maethor\Program Filez\Web Development\Atom\TitleManager\private\layouts\standard_footer.php): failed to open stream: No such file or directory in C:\Maethor\Program Filez\Web Development\Atom\TitleManager\private\initialize_bottom.php on line 3
[12-Dec-2017 15:23:42 Europe/Oslo] PHP Warning:  include(): Failed opening 'C:\Maethor\Program Filez\Web Development\Atom\TitleManager\private\layouts\standard_footer.php' for inclusion (include_path='.;C:\php\pear') in C:\Maethor\Program Filez\Web Development\Atom\TitleManager\private\initialize_bottom.php on line 3
[12-Dec-2017 15:24:05 Europe/Oslo] PHP Warning:  include(C:\Maethor\Program Filez\Web Development\Atom\TitleManager\private\layouts\standard_sidebar_right.php): failed to open stream: No such file or directory in C:\Maethor\Program Filez\Web Development\Atom\TitleManager\private\initialize_bottom.php on line 2
[12-Dec-2017 15:24:05 Europe/Oslo] PHP Warning:  include(): Failed opening 'C:\Maethor\Program Filez\Web Development\Atom\TitleManager\private\layouts\standard_sidebar_right.php' for inclusion (include_path='.;C:\php\pear') in C:\Maethor\Program Filez\Web Development\Atom\TitleManager\private\initialize_bottom.php on line 2
[12-Dec-2017 15:24:05 Europe/Oslo] PHP Warning:  include(C:\Maethor\Program Filez\Web Development\Atom\TitleManager\private\layouts\standard_footer.php): failed to open stream: No such file or directory in C:\Maethor\Program Filez\Web Development\Atom\TitleManager\private\initialize_bottom.php on line 3
[12-Dec-2017 15:24:05 Europe/Oslo] PHP Warning:  include(): Failed opening 'C:\Maethor\Program Filez\Web Development\Atom\TitleManager\private\layouts\standard_footer.php' for inclusion (include_path='.;C:\php\pear') in C:\Maethor\Program Filez\Web Development\Atom\TitleManager\private\initialize_bottom.php on line 3
[12-Dec-2017 15:30:22 Europe/Oslo] PHP Notice:  Undefined variable: filename_main in C:\Maethor\Program Filez\Web Development\Atom\TitleManager\private\layouts\header_standard.php on line 13
[12-Dec-2017 15:30:22 Europe/Oslo] PHP Fatal error:  Uncaught Error: Call to undefined function find_current_page() in C:\Maethor\Program Filez\Web Development\Atom\TitleManager\private\layouts\sidebar_left_standard.php:2
Stack trace:
#0 C:\Maethor\Program Filez\Web Development\Atom\TitleManager\private\initialize_top.php(58): include()
#1 C:\Maethor\Program Filez\Web Development\Atom\TitleManager\public\login.php(2): include('C:\\Maethor\\Prog...')
#2 {main}
  thrown in C:\Maethor\Program Filez\Web Development\Atom\TitleManager\private\layouts\sidebar_left_standard.php on line 2
[12-Dec-2017 15:49:31 Europe/Oslo] PHP Warning:  include(C:\Maethor\Program Filez\Web Development\Atom\TitleManager\private\layouts\sidebar_right_standard.php): failed to open stream: No such file or directory in C:\Maethor\Program Filez\Web Development\Atom\TitleManager\private\initialize_bottom.php on line 3
[12-Dec-2017 15:49:31 Europe/Oslo] PHP Warning:  include(): Failed opening 'C:\Maethor\Program Filez\Web Development\Atom\TitleManager\private\layouts\sidebar_right_standard.php' for inclusion (include_path='.;C:\php\pear') in C:\Maethor\Program Filez\Web Development\Atom\TitleManager\private\initialize_bottom.php on line 3
[12-Dec-2017 15:49:31 Europe/Oslo] PHP Warning:  include(C:\Maethor\Program Filez\Web Development\Atom\TitleManager\private\layouts\footer_standard.php): failed to open stream: No such file or directory in C:\Maethor\Program Filez\Web Development\Atom\TitleManager\private\initialize_bottom.php on line 4
[12-Dec-2017 15:49:31 Europe/Oslo] PHP Warning:  include(): Failed opening 'C:\Maethor\Program Filez\Web Development\Atom\TitleManager\private\layouts\footer_standard.php' for inclusion (include_path='.;C:\php\pear') in C:\Maethor\Program Filez\Web Development\Atom\TitleManager\private\initialize_bottom.php on line 4
[12-Dec-2017 15:49:42 Europe/Oslo] PHP Warning:  include(C:\Maethor\Program Filez\Web Development\Atom\TitleManager\private\layouts\sidebar_right_standard.php): failed to open stream: No such file or directory in C:\Maethor\Program Filez\Web Development\Atom\TitleManager\private\initialize_bottom.php on line 3
[12-Dec-2017 15:49:42 Europe/Oslo] PHP Warning:  include(): Failed opening 'C:\Maethor\Program Filez\Web Development\Atom\TitleManager\private\layouts\sidebar_right_standard.php' for inclusion (include_path='.;C:\php\pear') in C:\Maethor\Program Filez\Web Development\Atom\TitleManager\private\initialize_bottom.php on line 3
[12-Dec-2017 15:49:42 Europe/Oslo] PHP Warning:  include(C:\Maethor\Program Filez\Web Development\Atom\TitleManager\private\layouts\footer_standard.php): failed to open stream: No such file or directory in C:\Maethor\Program Filez\Web Development\Atom\TitleManager\private\initialize_bottom.php on line 4
[12-Dec-2017 15:49:42 Europe/Oslo] PHP Warning:  include(): Failed opening 'C:\Maethor\Program Filez\Web Development\Atom\TitleManager\private\layouts\footer_standard.php' for inclusion (include_path='.;C:\php\pear') in C:\Maethor\Program Filez\Web Development\Atom\TitleManager\private\initialize_bottom.php on line 4
[12-Dec-2017 15:49:52 Europe/Oslo] PHP Warning:  include(C:\Maethor\Program Filez\Web Development\Atom\TitleManager\private\layouts\sidebar_right_standard.php): failed to open stream: No such file or directory in C:\Maethor\Program Filez\Web Development\Atom\TitleManager\private\initialize_bottom.php on line 3
[12-Dec-2017 15:49:52 Europe/Oslo] PHP Warning:  include(): Failed opening 'C:\Maethor\Program Filez\Web Development\Atom\TitleManager\private\layouts\sidebar_right_standard.php' for inclusion (include_path='.;C:\php\pear') in C:\Maethor\Program Filez\Web Development\Atom\TitleManager\private\initialize_bottom.php on line 3
[12-Dec-2017 15:49:52 Europe/Oslo] PHP Warning:  include(C:\Maethor\Program Filez\Web Development\Atom\TitleManager\private\layouts\footer_standard.php): failed to open stream: No such file or directory in C:\Maethor\Program Filez\Web Development\Atom\TitleManager\private\initialize_bottom.php on line 4
[12-Dec-2017 15:49:52 Europe/Oslo] PHP Warning:  include(): Failed opening 'C:\Maethor\Program Filez\Web Development\Atom\TitleManager\private\layouts\footer_standard.php' for inclusion (include_path='.;C:\php\pear') in C:\Maethor\Program Filez\Web Development\Atom\TitleManager\private\initialize_bottom.php on line 4
[12-Dec-2017 18:32:22 Europe/Oslo] PHP Warning:  include(C:\Maethor\Program Filez\Web Development\Atom\TitleManager\private\layouts\sidebar_right_standard.php): failed to open stream: No such file or directory in C:\Maethor\Program Filez\Web Development\Atom\TitleManager\private\initialize_bottom.php on line 3
[12-Dec-2017 18:32:22 Europe/Oslo] PHP Warning:  include(): Failed opening 'C:\Maethor\Program Filez\Web Development\Atom\TitleManager\private\layouts\sidebar_right_standard.php' for inclusion (include_path='.;C:\php\pear') in C:\Maethor\Program Filez\Web Development\Atom\TitleManager\private\initialize_bottom.php on line 3
[12-Dec-2017 18:32:22 Europe/Oslo] PHP Warning:  include(C:\Maethor\Program Filez\Web Development\Atom\TitleManager\private\layouts\footer_standard.php): failed to open stream: No such file or directory in C:\Maethor\Program Filez\Web Development\Atom\TitleManager\private\initialize_bottom.php on line 4
[12-Dec-2017 18:32:22 Europe/Oslo] PHP Warning:  include(): Failed opening 'C:\Maethor\Program Filez\Web Development\Atom\TitleManager\private\layouts\footer_standard.php' for inclusion (include_path='.;C:\php\pear') in C:\Maethor\Program Filez\Web Development\Atom\TitleManager\private\initialize_bottom.php on line 4
[12-Dec-2017 18:34:43 Europe/Oslo] PHP Notice:  Undefined index: sidebar_right_login in C:\Maethor\Program Filez\Web Development\Atom\TitleManager\public\login.php on line 63
[12-Dec-2017 18:34:43 Europe/Oslo] PHP Warning:  include(): Filename cannot be empty in C:\Maethor\Program Filez\Web Development\Atom\TitleManager\public\login.php on line 63
[12-Dec-2017 18:34:43 Europe/Oslo] PHP Warning:  include(): Failed opening '' for inclusion (include_path='.;C:\php\pear') in C:\Maethor\Program Filez\Web Development\Atom\TitleManager\public\login.php on line 63
[12-Dec-2017 18:34:43 Europe/Oslo] PHP Notice:  Undefined index: footer_login in C:\Maethor\Program Filez\Web Development\Atom\TitleManager\public\login.php on line 64
[12-Dec-2017 18:34:43 Europe/Oslo] PHP Warning:  include(): Filename cannot be empty in C:\Maethor\Program Filez\Web Development\Atom\TitleManager\public\login.php on line 64
[12-Dec-2017 18:34:43 Europe/Oslo] PHP Warning:  include(): Failed opening '' for inclusion (include_path='.;C:\php\pear') in C:\Maethor\Program Filez\Web Development\Atom\TitleManager\public\login.php on line 64
[14-Dec-2017 15:02:47 Europe/Oslo] PHP Parse error:  syntax error, unexpected end of file in C:\Maethor\Program Filez\Web Development\Atom\TitleManager\private\functions.php on line 61
[14-Dec-2017 14:35:35 UTC] PHP Warning:  include(../private/initialize_top.php): failed to open stream: No such file or directory in C:\Maethor\Program Filez\Web Development\Atom\TitleManager\public\login.php on line 2
[14-Dec-2017 14:35:35 UTC] PHP Warning:  include(): Failed opening '../private/initialize_top.php' for inclusion (include_path='.;C:\php\pear') in C:\Maethor\Program Filez\Web Development\Atom\TitleManager\public\login.php on line 2
[14-Dec-2017 14:35:35 UTC] PHP Fatal error:  Uncaught Error: Call to undefined function load_layout() in C:\Maethor\Program Filez\Web Development\Atom\TitleManager\public\login.php:3
Stack trace:
#0 {main}
  thrown in C:\Maethor\Program Filez\Web Development\Atom\TitleManager\public\login.php on line 3
[16-Dec-2017 10:27:09 Europe/Oslo] PHP Warning:  date_format() expects parameter 1 to be DateTimeInterface, string given in C:\Maethor\Program Filez\Web Development\Atom\TitleManager\private\classes\mydatetime.php on line 23
[16-Dec-2017 12:39:32 Europe/Oslo] PHP Fatal error:  Uncaught Error: Call to undefined method MyDateTime::get_full_datetime_string() in C:\Maethor\Program Filez\Web Development\Atom\TitleManager\public\abc.php:24
Stack trace:
#0 {main}
  thrown in C:\Maethor\Program Filez\Web Development\Atom\TitleManager\public\abc.php on line 24
[16-Dec-2017 12:42:12 Europe/Oslo] PHP Parse error:  syntax error, unexpected '$this' (T_VARIABLE), expecting ';' in C:\Maethor\Program Filez\Web Development\Atom\TitleManager\private\classes\mydatetime.php on line 23
[18-Dec-2017 18:39:03 Europe/Oslo] PHP Fatal error:  Uncaught Error: Cannot access protected property Subject::$MenuName in C:\Maethor\Program Filez\Web Development\Atom\TitleManager\public\main.php:18
Stack trace:
#0 {main}
  thrown in C:\Maethor\Program Filez\Web Development\Atom\TitleManager\public\main.php on line 18
[18-Dec-2017 18:15:51 UTC] PHP Parse error:  syntax error, unexpected '{' in C:\Maethor\Program Filez\Web Development\Atom\TitleManager\public\main.php on line 14
[18-Dec-2017 19:16:04 Europe/Oslo] PHP Notice:  Undefined index: subject in C:\Maethor\Program Filez\Web Development\Atom\TitleManager\public\main.php on line 16
[18-Dec-2017 19:16:56 Europe/Oslo] PHP Notice:  Undefined index: subject in C:\Maethor\Program Filez\Web Development\Atom\TitleManager\public\main.php on line 16
[18-Dec-2017 19:17:35 Europe/Oslo] PHP Notice:  Undefined index: subject in C:\Maethor\Program Filez\Web Development\Atom\TitleManager\public\main.php on line 17
[18-Dec-2017 19:17:39 Europe/Oslo] PHP Notice:  Undefined index: subject in C:\Maethor\Program Filez\Web Development\Atom\TitleManager\public\main.php on line 17
[18-Dec-2017 18:22:05 UTC] PHP Parse error:  syntax error, unexpected '==' (T_IS_EQUAL) in C:\Maethor\Program Filez\Web Development\Atom\TitleManager\public\main.php on line 30
[18-Dec-2017 19:49:20 Europe/Oslo] PHP Fatal error:  Uncaught Error: Call to undefined function session_message() in C:\Maethor\Program Filez\Web Development\Atom\TitleManager\public\about.php:24
Stack trace:
#0 {main}
  thrown in C:\Maethor\Program Filez\Web Development\Atom\TitleManager\public\about.php on line 24
[18-Dec-2017 19:49:53 Europe/Oslo] PHP Fatal error:  Uncaught Error: Call to undefined function session_error() in C:\Maethor\Program Filez\Web Development\Atom\TitleManager\private\classes\session.php:58
Stack trace:
#0 C:\Maethor\Program Filez\Web Development\Atom\TitleManager\public\about.php(24): Session->session_message()
#1 {main}
  thrown in C:\Maethor\Program Filez\Web Development\Atom\TitleManager\private\classes\session.php on line 58
[18-Dec-2017 19:54:25 Europe/Oslo] PHP Warning:  require_once(C:\Maethor\Program Filez\Web Development\Atom\TitleManager\private\classes\subject.php): failed to open stream: No such file or directory in C:\Maethor\Program Filez\Web Development\Atom\TitleManager\private\initialize.php on line 44
[18-Dec-2017 19:54:25 Europe/Oslo] PHP Fatal error:  require_once(): Failed opening required 'C:\Maethor\Program Filez\Web Development\Atom\TitleManager\private\classes\subject.php' (include_path='.;C:\php\pear') in C:\Maethor\Program Filez\Web Development\Atom\TitleManager\private\initialize.php on line 44
[18-Dec-2017 19:54:37 Europe/Oslo] PHP Fatal error:  Uncaught Error: Class 'Subject' not found in C:\Maethor\Program Filez\Web Development\Atom\TitleManager\private\layouts\standard\sidebar_left_standard.php:8
Stack trace:
#0 C:\Maethor\Program Filez\Web Development\Atom\TitleManager\public\search_movie.php(6): include()
#1 {main}
  thrown in C:\Maethor\Program Filez\Web Development\Atom\TitleManager\private\layouts\standard\sidebar_left_standard.php on line 8
[18-Dec-2017 20:01:04 Europe/Oslo] PHP Notice:  Undefined variable: session in C:\Maethor\Program Filez\Web Development\Atom\TitleManager\private\functions.php on line 27
[18-Dec-2017 20:01:04 Europe/Oslo] PHP Fatal error:  Uncaught Error: Call to a member function session_error() on null in C:\Maethor\Program Filez\Web Development\Atom\TitleManager\private\functions.php:27
Stack trace:
#0 C:\Maethor\Program Filez\Web Development\Atom\TitleManager\private\layouts\standard\sidebar_left_standard.php(8): __autoload('subject')
#1 C:\Maethor\Program Filez\Web Development\Atom\TitleManager\public\main.php(6): include('C:\\Maethor\\Prog...')
#2 {main}
  thrown in C:\Maethor\Program Filez\Web Development\Atom\TitleManager\private\functions.php on line 27
[18-Dec-2017 20:05:46 Europe/Oslo] PHP Fatal error:  Uncaught Exception: The class "Subject" could not be found. Trying to locate it ...<br />The file C:\Maethor\Program Filez\Web Development\Atom\TitleManager\private\classes\subject.php could not be found.<br /> in C:\Maethor\Program Filez\Web Development\Atom\TitleManager\private\functions.php:27
Stack trace:
#0 C:\Maethor\Program Filez\Web Development\Atom\TitleManager\private\layouts\standard\sidebar_left_standard.php(8): __autoload('subject')
#1 C:\Maethor\Program Filez\Web Development\Atom\TitleManager\public\main.php(6): include('C:\\Maethor\\Prog...')
#2 {main}
  thrown in C:\Maethor\Program Filez\Web Development\Atom\TitleManager\private\functions.php on line 27
[19-Dec-2017 10:39:44 Europe/Oslo] PHP Fatal error:  Uncaught Exception: The class "Subject" could not be found. Trying to locate it ...<br />The file C:\Maethor\Program Filez\Web Development\Atom\TitleManager\private\classes\subject.php could not be found.<br /> in C:\Maethor\Program Filez\Web Development\Atom\TitleManager\private\functions.php:27
Stack trace:
#0 C:\Maethor\Program Filez\Web Development\Atom\TitleManager\private\layouts\standard\sidebar_left_standard.php(8): __autoload('subject')
#1 C:\Maethor\Program Filez\Web Development\Atom\TitleManager\public\main.php(6): include('C:\\Maethor\\Prog...')
#2 {main}
  thrown in C:\Maethor\Program Filez\Web Development\Atom\TitleManager\private\functions.php on line 27
[20-Dec-2017 16:05:27 Europe/Oslo] PHP Fatal error:  Uncaught Exception: The class "Subject" could not be found. Trying to locate it ...<br />The file C:\Maethor\Program Filez\Web Development\Atom\TitleManager\private\classes\subject.php could not be found.<br /> in C:\Maethor\Program Filez\Web Development\Atom\TitleManager\private\functions.php:27
Stack trace:
#0 C:\Maethor\Program Filez\Web Development\Atom\TitleManager\private\layouts\standard\sidebar_left_standard.php(8): __autoload('subject')
#1 C:\Maethor\Program Filez\Web Development\Atom\TitleManager\public\main.php(6): include('C:\\Maethor\\Prog...')
#2 {main}
  thrown in C:\Maethor\Program Filez\Web Development\Atom\TitleManager\private\functions.php on line 27
[20-Dec-2017 21:39:44 Europe/Oslo] PHP Fatal error:  Uncaught Exception: The class "Subject" could not be found. Trying to locate it ...<br />The file C:\Maethor\Program Filez\Web Development\Atom\TitleManager\private\classes\subject.php could not be found.<br /> in C:\Maethor\Program Filez\Web Development\Atom\TitleManager\private\functions.php:27
Stack trace:
#0 C:\Maethor\Program Filez\Web Development\Atom\TitleManager\private\layouts\standard\sidebar_left_standard.php(8): __autoload('subject')
#1 C:\Maethor\Program Filez\Web Development\Atom\TitleManager\public\main.php(6): include('C:\\Maethor\\Prog...')
#2 {main}
  thrown in C:\Maethor\Program Filez\Web Development\Atom\TitleManager\private\functions.php on line 27
[20-Dec-2017 21:54:12 Europe/Oslo] PHP Notice:  Undefined variable: subtable_name in C:\Maethor\Program Filez\Web Development\Atom\TitleManager\private\classes\subject.php on line 56
[20-Dec-2017 21:54:12 Europe/Oslo] PHP Notice:  Undefined variable: SubjectID in C:\Maethor\Program Filez\Web Development\Atom\TitleManager\private\classes\subject.php on line 56
[20-Dec-2017 21:54:12 Europe/Oslo] PHP Fatal error:  Uncaught Error: Call to undefined function find_by_sql() in C:\Maethor\Program Filez\Web Development\Atom\TitleManager\private\classes\subject.php:59
Stack trace:
#0 C:\Maethor\Program Filez\Web Development\Atom\TitleManager\private\layouts\standard\sidebar_left_standard.php(11): Subject->find_pages()
#1 C:\Maethor\Program Filez\Web Development\Atom\TitleManager\public\search_movie.php(6): include('C:\\Maethor\\Prog...')
#2 {main}
  thrown in C:\Maethor\Program Filez\Web Development\Atom\TitleManager\private\classes\subject.php on line 59
[20-Dec-2017 21:55:10 Europe/Oslo] PHP Notice:  Accessing static property Subject::$subtable_name as non static in C:\Maethor\Program Filez\Web Development\Atom\TitleManager\private\classes\subject.php on line 56
[20-Dec-2017 21:55:10 Europe/Oslo] PHP Notice:  Undefined property: Subject::$subtable_name in C:\Maethor\Program Filez\Web Development\Atom\TitleManager\private\classes\subject.php on line 56
[20-Dec-2017 21:55:10 Europe/Oslo] PHP Fatal error:  Uncaught Error: Call to undefined function find_by_sql() in C:\Maethor\Program Filez\Web Development\Atom\TitleManager\private\classes\subject.php:59
Stack trace:
#0 C:\Maethor\Program Filez\Web Development\Atom\TitleManager\private\layouts\standard\sidebar_left_standard.php(11): Subject->find_pages()
#1 C:\Maethor\Program Filez\Web Development\Atom\TitleManager\public\search_movie.php(6): include('C:\\Maethor\\Prog...')
#2 {main}
  thrown in C:\Maethor\Program Filez\Web Development\Atom\TitleManager\private\classes\subject.php on line 59
[20-Dec-2017 21:55:26 Europe/Oslo] PHP Fatal error:  Uncaught Error: Call to undefined function find_by_sql() in C:\Maethor\Program Filez\Web Development\Atom\TitleManager\private\classes\subject.php:59
Stack trace:
#0 C:\Maethor\Program Filez\Web Development\Atom\TitleManager\private\layouts\standard\sidebar_left_standard.php(11): Subject->find_pages()
#1 C:\Maethor\Program Filez\Web Development\Atom\TitleManager\public\search_movie.php(6): include('C:\\Maethor\\Prog...')
#2 {main}
  thrown in C:\Maethor\Program Filez\Web Development\Atom\TitleManager\private\classes\subject.php on line 59
[20-Dec-2017 21:56:54 Europe/Oslo] PHP Notice:  Undefined variable: database in C:\Maethor\Program Filez\Web Development\Atom\TitleManager\private\classes\subject.php on line 59
[20-Dec-2017 21:56:54 Europe/Oslo] PHP Fatal error:  Uncaught Error: Call to a member function query() on null in C:\Maethor\Program Filez\Web Development\Atom\TitleManager\private\classes\subject.php:59
Stack trace:
#0 C:\Maethor\Program Filez\Web Development\Atom\TitleManager\private\layouts\standard\sidebar_left_standard.php(11): Subject->find_pages()
#1 C:\Maethor\Program Filez\Web Development\Atom\TitleManager\public\search_movie.php(6): include('C:\\Maethor\\Prog...')
#2 {main}
  thrown in C:\Maethor\Program Filez\Web Development\Atom\TitleManager\private\classes\subject.php on line 59
[20-Dec-2017 21:57:16 Europe/Oslo] PHP Notice:  Undefined variable: sql in C:\Maethor\Program Filez\Web Development\Atom\TitleManager\private\classes\subject.php on line 60
[20-Dec-2017 21:57:16 Europe/Oslo] PHP Notice:  Undefined variable: result_array in C:\Maethor\Program Filez\Web Development\Atom\TitleManager\private\classes\subject.php on line 61
[20-Dec-2017 21:57:16 Europe/Oslo] PHP Warning:  Invalid argument supplied for foreach() in C:\Maethor\Program Filez\Web Development\Atom\TitleManager\private\layouts\standard\sidebar_left_standard.php on line 12
[20-Dec-2017 21:57:16 Europe/Oslo] PHP Notice:  Undefined variable: sql in C:\Maethor\Program Filez\Web Development\Atom\TitleManager\private\classes\subject.php on line 60
[20-Dec-2017 21:57:16 Europe/Oslo] PHP Notice:  Undefined variable: result_array in C:\Maethor\Program Filez\Web Development\Atom\TitleManager\private\classes\subject.php on line 61
[20-Dec-2017 21:57:16 Europe/Oslo] PHP Warning:  Invalid argument supplied for foreach() in C:\Maethor\Program Filez\Web Development\Atom\TitleManager\private\layouts\standard\sidebar_left_standard.php on line 12
[20-Dec-2017 21:57:16 Europe/Oslo] PHP Notice:  Undefined variable: sql in C:\Maethor\Program Filez\Web Development\Atom\TitleManager\private\classes\subject.php on line 60
[20-Dec-2017 21:57:16 Europe/Oslo] PHP Notice:  Undefined variable: result_array in C:\Maethor\Program Filez\Web Development\Atom\TitleManager\private\classes\subject.php on line 61
[20-Dec-2017 21:57:16 Europe/Oslo] PHP Warning:  Invalid argument supplied for foreach() in C:\Maethor\Program Filez\Web Development\Atom\TitleManager\private\layouts\standard\sidebar_left_standard.php on line 12
[20-Dec-2017 21:58:32 Europe/Oslo] PHP Notice:  Undefined variable: called_class in C:\Maethor\Program Filez\Web Development\Atom\TitleManager\private\classes\subject.php on line 63
[20-Dec-2017 21:58:32 Europe/Oslo] PHP Fatal error:  Uncaught Error: Class name must be a valid object or a string in C:\Maethor\Program Filez\Web Development\Atom\TitleManager\private\classes\subject.php:63
Stack trace:
#0 C:\Maethor\Program Filez\Web Development\Atom\TitleManager\private\layouts\standard\sidebar_left_standard.php(11): Subject->find_pages()
#1 C:\Maethor\Program Filez\Web Development\Atom\TitleManager\public\search_movie.php(6): include('C:\\Maethor\\Prog...')
#2 {main}
  thrown in C:\Maethor\Program Filez\Web Development\Atom\TitleManager\private\classes\subject.php on line 63
[20-Dec-2017 21:58:46 Europe/Oslo] PHP Fatal error:  Uncaught Error: Call to private method DatabaseObject::instantiate() from context 'Subject' in C:\Maethor\Program Filez\Web Development\Atom\TitleManager\private\classes\subject.php:63
Stack trace:
#0 C:\Maethor\Program Filez\Web Development\Atom\TitleManager\private\layouts\standard\sidebar_left_standard.php(11): Subject->find_pages()
#1 C:\Maethor\Program Filez\Web Development\Atom\TitleManager\public\search_movie.php(6): include('C:\\Maethor\\Prog...')
#2 {main}
  thrown in C:\Maethor\Program Filez\Web Development\Atom\TitleManager\private\classes\subject.php on line 63
[20-Dec-2017 22:03:29 Europe/Oslo] PHP Fatal error:  Uncaught Error: Cannot access protected property Subject::$SubjectID in C:\Maethor\Program Filez\Web Development\Atom\TitleManager\private\layouts\standard\sidebar_left_standard.php:11
Stack trace:
#0 C:\Maethor\Program Filez\Web Development\Atom\TitleManager\public\search_movie.php(6): include()
#1 {main}
  thrown in C:\Maethor\Program Filez\Web Development\Atom\TitleManager\private\layouts\standard\sidebar_left_standard.php on line 11
[20-Dec-2017 22:03:57 Europe/Oslo] PHP Notice:  Undefined variable: table_name in C:\Maethor\Program Filez\Web Development\Atom\TitleManager\private\classes\page.php on line 66
[20-Dec-2017 22:03:57 Europe/Oslo] PHP Notice:  Undefined variable: SubjectID in C:\Maethor\Program Filez\Web Development\Atom\TitleManager\private\classes\page.php on line 66
[20-Dec-2017 22:03:57 Europe/Oslo] PHP Notice:  Undefined variable: SubjectID in C:\Maethor\Program Filez\Web Development\Atom\TitleManager\private\classes\page.php on line 67
[20-Dec-2017 22:03:57 Europe/Oslo] PHP Fatal error:  Uncaught Exception: Error confirming query.  in C:\Maethor\Program Filez\Web Development\Atom\TitleManager\private\classes\sqlserverdatabase.php:50
Stack trace:
#0 C:\Maethor\Program Filez\Web Development\Atom\TitleManager\private\classes\sqlserverdatabase.php(43): SQLSERVERDatabase->confirm_query(false, false)
#1 C:\Maethor\Program Filez\Web Development\Atom\TitleManager\private\classes\databaseobject.php(45): SQLSERVERDatabase->query('SELECT * FROM  ...', Array)
#2 C:\Maethor\Program Filez\Web Development\Atom\TitleManager\private\classes\page.php(68): DatabaseObject::find_by_sql('SELECT * FROM  ...', Array)
#3 C:\Maethor\Program Filez\Web Development\Atom\TitleManager\private\layouts\standard\sidebar_left_standard.php(11): Page::find_pages(1)
#4 C:\Maethor\Program Filez\Web Development\Atom\TitleManager\public\search_movie.php(6): include('C:\\Maethor\\Prog...')
#5 {main}
  thrown in C:\Maethor\Program Filez\Web Development\Atom\TitleManager\private\classes\sqlserverdatabase.php on line 50
[20-Dec-2017 22:04:14 Europe/Oslo] PHP Notice:  Undefined variable: SubjectID in C:\Maethor\Program Filez\Web Development\Atom\TitleManager\private\classes\page.php on line 66
[20-Dec-2017 22:04:14 Europe/Oslo] PHP Notice:  Undefined variable: SubjectID in C:\Maethor\Program Filez\Web Development\Atom\TitleManager\private\classes\page.php on line 67
[20-Dec-2017 22:04:14 Europe/Oslo] PHP Fatal error:  Uncaught Exception: Error confirming query.  in C:\Maethor\Program Filez\Web Development\Atom\TitleManager\private\classes\sqlserverdatabase.php:50
Stack trace:
#0 C:\Maethor\Program Filez\Web Development\Atom\TitleManager\private\classes\sqlserverdatabase.php(43): SQLSERVERDatabase->confirm_query(false, false)
#1 C:\Maethor\Program Filez\Web Development\Atom\TitleManager\private\classes\databaseobject.php(45): SQLSERVERDatabase->query('SELECT * FROM W...', Array)
#2 C:\Maethor\Program Filez\Web Development\Atom\TitleManager\private\classes\page.php(68): DatabaseObject::find_by_sql('SELECT * FROM W...', Array)
#3 C:\Maethor\Program Filez\Web Development\Atom\TitleManager\private\layouts\standard\sidebar_left_standard.php(11): Page::find_pages(1)
#4 C:\Maethor\Program Filez\Web Development\Atom\TitleManager\public\search_movie.php(6): include('C:\\Maethor\\Prog...')
#5 {main}
  thrown in C:\Maethor\Program Filez\Web Development\Atom\TitleManager\private\classes\sqlserverdatabase.php on line 50
[20-Dec-2017 22:04:22 Europe/Oslo] PHP Fatal error:  Uncaught Error: Access to undeclared static property: Page::$SubjectID in C:\Maethor\Program Filez\Web Development\Atom\TitleManager\private\classes\page.php:66
Stack trace:
#0 C:\Maethor\Program Filez\Web Development\Atom\TitleManager\private\layouts\standard\sidebar_left_standard.php(11): Page::find_pages(1)
#1 C:\Maethor\Program Filez\Web Development\Atom\TitleManager\public\search_movie.php(6): include('C:\\Maethor\\Prog...')
#2 {main}
  thrown in C:\Maethor\Program Filez\Web Development\Atom\TitleManager\private\classes\page.php on line 66
[20-Dec-2017 22:28:12 Europe/Oslo] PHP Notice:  Undefined variable: output in C:\Maethor\Program Filez\Web Development\Atom\TitleManager\private\layouts\standard\sidebar_right_standard.php on line 6
[21-Dec-2017 02:12:09 Europe/Oslo] PHP Fatal error:  Uncaught Error: Call to undefined method Session::check_session_validity() in C:\Maethor\Program Filez\Web Development\Atom\TitleManager\private\classes\session.php:41
Stack trace:
#0 C:\Maethor\Program Filez\Web Development\Atom\TitleManager\public\main.php(8): Session->is_logged_in()
#1 {main}
  thrown in C:\Maethor\Program Filez\Web Development\Atom\TitleManager\private\classes\session.php on line 41
[21-Dec-2017 02:14:26 Europe/Oslo] PHP Notice:  Undefined variable: logger in C:\Maethor\Program Filez\Web Development\Atom\TitleManager\public\login.php on line 28
[21-Dec-2017 02:14:26 Europe/Oslo] PHP Fatal error:  Uncaught Error: Call to a member function database_create_user_log() on null in C:\Maethor\Program Filez\Web Development\Atom\TitleManager\public\login.php:28
Stack trace:
#0 {main}
  thrown in C:\Maethor\Program Filez\Web Development\Atom\TitleManager\public\login.php on line 28
[21-Dec-2017 02:15:24 Europe/Oslo] PHP Fatal error:  Uncaught Error: Call to undefined function validate_session() in C:\Maethor\Program Filez\Web Development\Atom\TitleManager\private\classes\session.php:126
Stack trace:
#0 C:\Maethor\Program Filez\Web Development\Atom\TitleManager\public\login.php(8): Session->is_session_valid()
#1 {main}
  thrown in C:\Maethor\Program Filez\Web Development\Atom\TitleManager\private\classes\session.php on line 126
[21-Dec-2017 02:15:28 Europe/Oslo] PHP Fatal error:  Uncaught Error: Call to undefined function validate_session() in C:\Maethor\Program Filez\Web Development\Atom\TitleManager\private\classes\session.php:126
Stack trace:
#0 C:\Maethor\Program Filez\Web Development\Atom\TitleManager\public\login.php(8): Session->is_session_valid()
#1 {main}
  thrown in C:\Maethor\Program Filez\Web Development\Atom\TitleManager\private\classes\session.php on line 126
[21-Dec-2017 02:21:28 Europe/Oslo] PHP Fatal error:  Uncaught Error: Call to undefined method SQLSERVERDatabase::database_update_user_log() in C:\Maethor\Program Filez\Web Development\Atom\TitleManager\private\classes\session.php:110
Stack trace:
#0 C:\Maethor\Program Filez\Web Development\Atom\TitleManager\private\classes\session.php(129): Session->update_session_activity()
#1 C:\Maethor\Program Filez\Web Development\Atom\TitleManager\public\index.php(8): Session->is_session_valid()
#2 {main}
  thrown in C:\Maethor\Program Filez\Web Development\Atom\TitleManager\private\classes\session.php on line 110
[21-Dec-2017 02:44:55 Europe/Oslo] PHP Fatal error:  Cannot redeclare get_browser() in C:\Maethor\Program Filez\Web Development\Atom\TitleManager\private\functions.php on line 125
[21-Dec-2017 01:59:50 UTC] PHP Parse error:  syntax error, unexpected '$subject_id' (T_VARIABLE), expecting case (T_CASE) or default (T_DEFAULT) or '}' in C:\Maethor\Program Filez\Web Development\Atom\TitleManager\public\main.php on line 18
[21-Dec-2017 02:00:39 UTC] PHP Parse error:  syntax error, unexpected end of file in C:\Maethor\Program Filez\Web Development\Atom\TitleManager\public\about.php on line 47
[21-Dec-2017 02:12:03 UTC] PHP Parse error:  syntax error, unexpected 'else' (T_ELSE) in C:\Maethor\Program Filez\Web Development\Atom\TitleManager\public\main.php on line 83
[21-Dec-2017 03:16:26 Europe/Oslo] PHP Warning:  sqlsrv_query() expects parameter 1 to be resource, null given in C:\Maethor\Program Filez\Web Development\Atom\TitleManager\private\functions.php on line 264
[21-Dec-2017 03:24:14 Europe/Oslo] PHP Parse error:  syntax error, unexpected '}' in C:\Maethor\Program Filez\Web Development\Atom\TitleManager\private\functions.php on line 267
[21-Dec-2017 03:25:06 Europe/Oslo] PHP Notice:  Undefined variable: database in C:\Maethor\Program Filez\Web Development\Atom\TitleManager\private\functions.php on line 264
[21-Dec-2017 03:25:06 Europe/Oslo] PHP Fatal error:  Uncaught Error: Call to a member function query() on null in C:\Maethor\Program Filez\Web Development\Atom\TitleManager\private\functions.php:264
Stack trace:
#0 C:\Maethor\Program Filez\Web Development\Atom\TitleManager\public\about_sql.php(15): sql_show_current_user()
#1 {main}
  thrown in C:\Maethor\Program Filez\Web Development\Atom\TitleManager\private\functions.php on line 264
[21-Dec-2017 03:25:36 Europe/Oslo] PHP Notice:  Undefined variable: sql_user_name in C:\Maethor\Program Filez\Web Development\Atom\TitleManager\private\functions.php on line 265
[21-Dec-2017 03:25:36 Europe/Oslo] PHP Notice:  Undefined variable: sql_user_name in C:\Maethor\Program Filez\Web Development\Atom\TitleManager\private\functions.php on line 279
[21-Dec-2017 03:25:36 Europe/Oslo] PHP Notice:  Undefined variable: sql_user_name in C:\Maethor\Program Filez\Web Development\Atom\TitleManager\private\functions.php on line 294
[21-Dec-2017 03:37:22 Europe/Oslo] PHP Notice:  Undefined offset: 0 in C:\Maethor\Program Filez\Web Development\Atom\TitleManager\private\functions.php on line 271
[21-Dec-2017 03:37:22 Europe/Oslo] PHP Notice:  Undefined offset: 0 in C:\Maethor\Program Filez\Web Development\Atom\TitleManager\private\functions.php on line 285
[21-Dec-2017 03:37:38 Europe/Oslo] PHP Notice:  Undefined offset: 0 in C:\Maethor\Program Filez\Web Development\Atom\TitleManager\private\functions.php on line 271
[21-Dec-2017 03:37:38 Europe/Oslo] PHP Notice:  Array to string conversion in C:\Maethor\Program Filez\Web Development\Atom\TitleManager\private\functions.php on line 285
[21-Dec-2017 03:37:53 Europe/Oslo] PHP Notice:  Array to string conversion in C:\Maethor\Program Filez\Web Development\Atom\TitleManager\private\functions.php on line 271
[21-Dec-2017 03:37:53 Europe/Oslo] PHP Notice:  Array to string conversion in C:\Maethor\Program Filez\Web Development\Atom\TitleManager\private\functions.php on line 285
[21-Dec-2017 03:38:35 Europe/Oslo] PHP Notice:  Undefined offset: 0 in C:\Maethor\Program Filez\Web Development\Atom\TitleManager\private\functions.php on line 272
[21-Dec-2017 03:38:35 Europe/Oslo] PHP Notice:  Undefined offset: 0 in C:\Maethor\Program Filez\Web Development\Atom\TitleManager\private\functions.php on line 287
[21-Dec-2017 03:39:04 Europe/Oslo] PHP Notice:  Undefined offset: 1 in C:\Maethor\Program Filez\Web Development\Atom\TitleManager\private\functions.php on line 272
[21-Dec-2017 03:39:04 Europe/Oslo] PHP Notice:  Undefined offset: 0 in C:\Maethor\Program Filez\Web Development\Atom\TitleManager\private\functions.php on line 287
[21-Dec-2017 03:43:17 Europe/Oslo] PHP Notice:  Undefined offset: 0 in C:\Maethor\Program Filez\Web Development\Atom\TitleManager\private\functions.php on line 287
[21-Dec-2017 03:45:26 Europe/Oslo] PHP Notice:  Undefined offset: 0 in C:\Maethor\Program Filez\Web Development\Atom\TitleManager\private\functions.php on line 287
[21-Dec-2017 03:48:35 Europe/Oslo] PHP Parse error:  syntax error, unexpected '"Currently using the SQL Serve' (T_CONSTANT_ENCAPSED_STRING) in C:\Maethor\Program Filez\Web Development\Atom\TitleManager\private\functions.php on line 285
[21-Dec-2017 02:53:52 UTC] PHP Parse error:  syntax error, unexpected 'echo' (T_ECHO), expecting ',' or ';' in C:\Maethor\Program Filez\Web Development\Atom\TitleManager\public\about_OS_browser.php on line 17
[21-Dec-2017 04:07:36 Europe/Oslo] PHP Fatal error:  Uncaught Error: Call to a member function get_subjectid() on boolean in C:\Maethor\Program Filez\Web Development\Atom\TitleManager\public\manage_users.php:17
Stack trace:
#0 {main}
  thrown in C:\Maethor\Program Filez\Web Development\Atom\TitleManager\public\manage_users.php on line 17
[08-Jan-2018 10:05:14 Europe/Oslo] PHP Notice:  Array to string conversion in C:\Maethor\Program Filez\Web Development\Atom\TitleManager\private\classes\sqlserverdatabase.php on line 27
[08-Jan-2018 10:24:02 Europe/Oslo] PHP Notice:  Array to string conversion in C:\Maethor\Program Filez\Web Development\Atom\TitleManager\private\classes\sqlserverdatabase.php on line 27
[08-Jan-2018 10:25:18 Europe/Oslo] PHP Notice:  Array to string conversion in C:\Maethor\Program Filez\Web Development\Atom\TitleManager\private\classes\sqlserverdatabase.php on line 27
[08-Jan-2018 10:31:53 Europe/Oslo] PHP Notice:  Array to string conversion in C:\Maethor\Program Filez\Web Development\Atom\TitleManager\private\classes\sqlserverdatabase.php on line 27
[08-Jan-2018 10:34:24 Europe/Oslo] PHP Notice:  Array to string conversion in C:\Maethor\Program Filez\Web Development\Atom\TitleManager\private\classes\sqlserverdatabase.php on line 28
[08-Jan-2018 11:00:52 Europe/Oslo] PHP Notice:  Array to string conversion in C:\Maethor\Program Filez\Web Development\Atom\TitleManager\private\classes\sqlserverdatabase.php on line 29
[08-Jan-2018 11:02:10 Europe/Oslo] PHP Fatal error:  Uncaught Error: Call to undefined function sql_formatted_errors() in C:\Maethor\Program Filez\Web Development\Atom\TitleManager\private\classes\sqlserverdatabase.php:29
Stack trace:
#0 C:\Maethor\Program Filez\Web Development\Atom\TitleManager\private\classes\sqlserverdatabase.php(12): SQLSERVERDatabase->open_connection()
#1 C:\Maethor\Program Filez\Web Development\Atom\TitleManager\private\classes\sqlserverdatabase.php(148): SQLSERVERDatabase->__construct()
#2 C:\Maethor\Program Filez\Web Development\Atom\TitleManager\private\initialize.php(38): require_once('C:\\Maethor\\Prog...')
#3 C:\Maethor\Program Filez\Web Development\Atom\TitleManager\public\login.php(2): include('C:\\Maethor\\Prog...')
#4 {main}
  thrown in C:\Maethor\Program Filez\Web Development\Atom\TitleManager\private\classes\sqlserverdatabase.php on line 29
[08-Jan-2018 11:14:20 UTC] PHP Parse error:  syntax error, unexpected end of file in C:\Maethor\Program Filez\Web Development\Atom\TitleManager\public\search_movie.php on line 125
[08-Jan-2018 12:29:45 Europe/Oslo] PHP Notice:  Undefined variable: message in C:\Maethor\Program Filez\Web Development\Atom\TitleManager\public\search_movie.php on line 57
[08-Jan-2018 11:30:15 UTC] PHP Parse error:  syntax error, unexpected '**' (T_POW) in C:\Maethor\Program Filez\Web Development\Atom\TitleManager\public\search_movie.php on line 42
[09-Jan-2018 22:07:02 UTC] PHP Parse error:  syntax error, unexpected '**' (T_POW) in C:\Maethor\Program Filez\Web Development\Atom\TitleManager\public\search_movie.php on line 42
[09-Jan-2018 22:07:07 UTC] PHP Parse error:  syntax error, unexpected '**' (T_POW) in C:\Maethor\Program Filez\Web Development\Atom\TitleManager\public\search_movie.php on line 42
[10-Jan-2018 10:34:10 UTC] PHP Parse error:  syntax error, unexpected '**' (T_POW) in C:\Maethor\Program Filez\Web Development\Atom\TitleManager\public\search_movie.php on line 48
[10-Jan-2018 19:40:52 UTC] PHP Parse error:  syntax error, unexpected '**' (T_POW) in C:\Maethor\Program Filez\Web Development\Atom\TitleManager\public\search_movie.php on line 48
[10-Jan-2018 22:03:02 UTC] PHP Parse error:  syntax error, unexpected '**' (T_POW) in C:\Maethor\Program Filez\Web Development\Atom\TitleManager\public\search_movie.php on line 48
[14-Jan-2018 23:43:49 Europe/Oslo] PHP Parse error:  syntax error, unexpected ';', expecting ',' or ')' in C:\Maethor\Program Filez\Web Development\Atom\TitleManager\private\classes\movie.php on line 56
[14-Jan-2018 23:44:30 Europe/Oslo] PHP Parse error:  syntax error, unexpected '}', expecting ',' or ';' in C:\Maethor\Program Filez\Web Development\Atom\TitleManager\private\classes\movie.php on line 104
[14-Jan-2018 23:44:45 Europe/Oslo] PHP Notice:  Undefined variable: message in C:\Maethor\Program Filez\Web Development\Atom\TitleManager\public\search_movie.php on line 69
[15-Jan-2018 10:43:55 Europe/Oslo] PHP Fatal error:  Uncaught Error: Cannot use object of type Movie as array in C:\Maethor\Program Filez\Web Development\Atom\TitleManager\public\browse_movies.php:32
Stack trace:
#0 {main}
  thrown in C:\Maethor\Program Filez\Web Development\Atom\TitleManager\public\browse_movies.php on line 32
[15-Jan-2018 10:49:50 Europe/Oslo] PHP Notice:  Undefined index: MovieID in C:\Maethor\Program Filez\Web Development\Atom\TitleManager\public\movie_info.php on line 18
[15-Jan-2018 10:49:50 Europe/Oslo] PHP Fatal error:  Uncaught Error: Call to a member function get_title() on boolean in C:\Maethor\Program Filez\Web Development\Atom\TitleManager\public\movie_info.php:25
Stack trace:
#0 {main}
  thrown in C:\Maethor\Program Filez\Web Development\Atom\TitleManager\public\movie_info.php on line 25
[15-Jan-2018 10:52:37 Europe/Oslo] PHP Fatal error:  Uncaught Error: Call to a member function get_title() on boolean in C:\Maethor\Program Filez\Web Development\Atom\TitleManager\public\movie_info.php:25
Stack trace:
#0 {main}
  thrown in C:\Maethor\Program Filez\Web Development\Atom\TitleManager\public\movie_info.php on line 25
[15-Jan-2018 10:55:35 Europe/Oslo] PHP Notice:  Undefined variable: title in C:\Maethor\Program Filez\Web Development\Atom\TitleManager\public\search_movie.php on line 42
[15-Jan-2018 10:55:35 Europe/Oslo] PHP Notice:  Undefined variable: message in C:\Maethor\Program Filez\Web Development\Atom\TitleManager\public\search_movie.php on line 46
[15-Jan-2018 10:58:29 Europe/Oslo] PHP Notice:  Undefined variable: message in C:\Maethor\Program Filez\Web Development\Atom\TitleManager\public\search_movie.php on line 57
[15-Jan-2018 10:59:11 Europe/Oslo] PHP Notice:  Undefined variable: movie_set in C:\Maethor\Program Filez\Web Development\Atom\TitleManager\public\search_movie.php on line 64
[15-Jan-2018 11:20:02 Europe/Oslo] PHP Deprecated:  Non-static method Movie::create() should not be called statically in C:\Maethor\Program Filez\Web Development\Atom\TitleManager\public\new_movie.php on line 20
[15-Jan-2018 11:20:02 Europe/Oslo] PHP Fatal error:  Uncaught Error: Using $this when not in object context in C:\Maethor\Program Filez\Web Development\Atom\TitleManager\private\classes\movie.php:66
Stack trace:
#0 C:\Maethor\Program Filez\Web Development\Atom\TitleManager\public\new_movie.php(20): Movie::create(Array)
#1 {main}
  thrown in C:\Maethor\Program Filez\Web Development\Atom\TitleManager\private\classes\movie.php on line 66
[15-Jan-2018 11:20:16 Europe/Oslo] PHP Fatal error:  Uncaught Error: Using $this when not in object context in C:\Maethor\Program Filez\Web Development\Atom\TitleManager\private\classes\movie.php:66
Stack trace:
#0 C:\Maethor\Program Filez\Web Development\Atom\TitleManager\public\new_movie.php(20): Movie::create(Array)
#1 {main}
  thrown in C:\Maethor\Program Filez\Web Development\Atom\TitleManager\private\classes\movie.php on line 66
[15-Jan-2018 11:20:54 Europe/Oslo] PHP Fatal error:  Uncaught Error: Call to undefined function find_by_sql() in C:\Maethor\Program Filez\Web Development\Atom\TitleManager\private\classes\movie.php:73
Stack trace:
#0 C:\Maethor\Program Filez\Web Development\Atom\TitleManager\public\new_movie.php(20): Movie::create(Array)
#1 {main}
  thrown in C:\Maethor\Program Filez\Web Development\Atom\TitleManager\private\classes\movie.php on line 73
[15-Jan-2018 12:00:33 Europe/Oslo] PHP Fatal error:  Uncaught Exception: Error confirming query.  in C:\Maethor\Program Filez\Web Development\Atom\TitleManager\private\classes\sqlserverdatabase.php:50
Stack trace:
#0 C:\Maethor\Program Filez\Web Development\Atom\TitleManager\private\classes\sqlserverdatabase.php(43): SQLSERVERDatabase->confirm_query(false, false)
#1 C:\Maethor\Program Filez\Web Development\Atom\TitleManager\private\classes\databaseobject.php(61): SQLSERVERDatabase->query('INSERT INTO Mov...', Array)
#2 C:\Maethor\Program Filez\Web Development\Atom\TitleManager\private\classes\movie.php(73): DatabaseObject::create_by_sql('INSERT INTO Mov...', Array)
#3 C:\Maethor\Program Filez\Web Development\Atom\TitleManager\public\new_movie.php(20): Movie::create(Array)
#4 {main}
  thrown in C:\Maethor\Program Filez\Web Development\Atom\TitleManager\private\classes\sqlserverdatabase.php on line 50
[15-Jan-2018 12:24:00 Europe/Oslo] PHP Notice:  Undefined variable: current_title in C:\Maethor\Program Filez\Web Development\Atom\TitleManager\public\edit_movie.php on line 73
[15-Jan-2018 12:24:56 Europe/Oslo] PHP Notice:  Undefined index: title in C:\Maethor\Program Filez\Web Development\Atom\TitleManager\private\classes\movie.php on line 85
[15-Jan-2018 12:24:56 Europe/Oslo] PHP Notice:  Undefined index: imdbrating in C:\Maethor\Program Filez\Web Development\Atom\TitleManager\private\classes\movie.php on line 85
[15-Jan-2018 12:24:56 Europe/Oslo] PHP Notice:  Undefined index: runtime in C:\Maethor\Program Filez\Web Development\Atom\TitleManager\private\classes\movie.php on line 85
[15-Jan-2018 12:24:56 Europe/Oslo] PHP Notice:  Undefined variable: movie_id in C:\Maethor\Program Filez\Web Development\Atom\TitleManager\private\classes\movie.php on line 85
[15-Jan-2018 12:27:56 Europe/Oslo] PHP Notice:  Undefined index: title in C:\Maethor\Program Filez\Web Development\Atom\TitleManager\private\classes\movie.php on line 85
[15-Jan-2018 12:27:56 Europe/Oslo] PHP Notice:  Undefined index: imdbrating in C:\Maethor\Program Filez\Web Development\Atom\TitleManager\private\classes\movie.php on line 85
[15-Jan-2018 12:27:56 Europe/Oslo] PHP Notice:  Undefined index: runtime in C:\Maethor\Program Filez\Web Development\Atom\TitleManager\private\classes\movie.php on line 85
[15-Jan-2018 12:28:26 Europe/Oslo] PHP Notice:  Undefined index: title in C:\Maethor\Program Filez\Web Development\Atom\TitleManager\private\classes\movie.php on line 85
[15-Jan-2018 12:28:26 Europe/Oslo] PHP Notice:  Undefined index: imdbrating in C:\Maethor\Program Filez\Web Development\Atom\TitleManager\private\classes\movie.php on line 85
[15-Jan-2018 12:28:26 Europe/Oslo] PHP Notice:  Undefined index: runtime in C:\Maethor\Program Filez\Web Development\Atom\TitleManager\private\classes\movie.php on line 85
[15-Jan-2018 12:28:26 Europe/Oslo] PHP Fatal error:  Uncaught Exception: Error confirming query.  in C:\Maethor\Program Filez\Web Development\Atom\TitleManager\private\classes\sqlserverdatabase.php:50
Stack trace:
#0 C:\Maethor\Program Filez\Web Development\Atom\TitleManager\private\classes\sqlserverdatabase.php(43): SQLSERVERDatabase->confirm_query(false, false)
#1 C:\Maethor\Program Filez\Web Development\Atom\TitleManager\private\classes\databaseobject.php(68): SQLSERVERDatabase->query('UPDATE Movies S...', Array)
#2 C:\Maethor\Program Filez\Web Development\Atom\TitleManager\private\classes\movie.php(87): DatabaseObject::update_by_sql('UPDATE Movies S...', Array)
#3 C:\Maethor\Program Filez\Web Development\Atom\TitleManager\public\edit_movie.php(48): Movie::update(Array, '14')
#4 {main}
  thrown in C:\Maethor\Program Filez\Web Development\Atom\TitleManager\private\classes\sqlserverdatabase.php on line 50
[15-Jan-2018 12:35:15 Europe/Oslo] PHP Notice:  Undefined index: MovieID in C:\Maethor\Program Filez\Web Development\Atom\TitleManager\public\delete_movie.php on line 16
[15-Jan-2018 11:53:51 UTC] PHP Parse error:  syntax error, unexpected '$user' (T_VARIABLE) in C:\Maethor\Program Filez\Web Development\Atom\TitleManager\public\manage_users.php on line 25
[15-Jan-2018 12:56:08 Europe/Oslo] PHP Fatal error:  Uncaught Error: Call to undefined function authenticate() in C:\Maethor\Program Filez\Web Development\Atom\TitleManager\public\edit_user.php:29
Stack trace:
#0 {main}
  thrown in C:\Maethor\Program Filez\Web Development\Atom\TitleManager\public\edit_user.php on line 29
[15-Jan-2018 12:56:48 Europe/Oslo] PHP Notice:  Undefined variable: current_username in C:\Maethor\Program Filez\Web Development\Atom\TitleManager\public\edit_user.php on line 29
[15-Jan-2018 12:56:54 Europe/Oslo] PHP Notice:  Undefined variable: current_username in C:\Maethor\Program Filez\Web Development\Atom\TitleManager\public\edit_user.php on line 29
[15-Jan-2018 12:57:33 Europe/Oslo] PHP Fatal error:  Uncaught Error: Call to undefined function edit_user() in C:\Maethor\Program Filez\Web Development\Atom\TitleManager\public\edit_user.php:35
Stack trace:
#0 {main}
  thrown in C:\Maethor\Program Filez\Web Development\Atom\TitleManager\public\edit_user.php on line 35
[15-Jan-2018 12:58:57 Europe/Oslo] PHP Fatal error:  Uncaught Error: Call to undefined function edit_user() in C:\Maethor\Program Filez\Web Development\Atom\TitleManager\public\edit_user.php:35
Stack trace:
#0 {main}
  thrown in C:\Maethor\Program Filez\Web Development\Atom\TitleManager\public\edit_user.php on line 35
[15-Jan-2018 13:28:51 Europe/Oslo] PHP Fatal error:  Uncaught Error: Call to undefined function hash_password() in C:\Maethor\Program Filez\Web Development\Atom\TitleManager\private\classes\user.php:66
Stack trace:
#0 C:\Maethor\Program Filez\Web Development\Atom\TitleManager\public\new_user.php(24): User::create(Array)
#1 {main}
  thrown in C:\Maethor\Program Filez\Web Development\Atom\TitleManager\private\classes\user.php on line 66
[15-Jan-2018 13:30:02 Europe/Oslo] PHP Notice:  Undefined variable: password in C:\Maethor\Program Filez\Web Development\Atom\TitleManager\private\classes\user.php on line 150
[15-Jan-2018 13:30:27 Europe/Oslo] PHP Notice:  Undefined variable: password in C:\Maethor\Program Filez\Web Development\Atom\TitleManager\private\classes\user.php on line 150
[15-Jan-2018 13:30:44 Europe/Oslo] PHP Notice:  Undefined variable: password in C:\Maethor\Program Filez\Web Development\Atom\TitleManager\private\classes\user.php on line 150
[15-Jan-2018 13:30:58 Europe/Oslo] PHP Notice:  Undefined variable: password in C:\Maethor\Program Filez\Web Development\Atom\TitleManager\private\classes\user.php on line 150
[15-Jan-2018 13:31:14 Europe/Oslo] PHP Notice:  Undefined variable: password in C:\Maethor\Program Filez\Web Development\Atom\TitleManager\private\classes\user.php on line 150
[15-Jan-2018 12:50:48 UTC] PHP Parse error:  syntax error, unexpected ';' in C:\Maethor\Program Filez\Web Development\Atom\TitleManager\public\manage_users.php on line 12
[15-Jan-2018 14:21:28 Europe/Oslo] PHP Parse error:  syntax error, unexpected ')' in C:\Maethor\Program Filez\Web Development\Atom\TitleManager\private\layouts\standard\sidebar_left_standard.php on line 17
[15-Jan-2018 14:21:37 Europe/Oslo] PHP Notice:  Undefined variable: admin in C:\Maethor\Program Filez\Web Development\Atom\TitleManager\private\layouts\standard\sidebar_left_standard.php on line 17
[15-Jan-2018 14:21:37 Europe/Oslo] PHP Notice:  Undefined variable: admin in C:\Maethor\Program Filez\Web Development\Atom\TitleManager\private\layouts\standard\sidebar_left_standard.php on line 17
